[dotenv@17.2.3] injecting env (16) from .env -- tip: ΓÜÖ∩╕Å  enable debug logging with { debug: true }
npx : Failed to 
obtain server 
version. Unable to 
check client-server 
compatibility. Set che
ckCompatibility=false 
to skip version check.
At line:1 char:1
+ npx tsx 
src/index.ts 2>&1 | 
Out-File -FilePath 
error.log -Encoding 
UT ...
+ ~~~~~~~~~~~~~~~~~~~~
~~~~~
    + CategoryInfo    
          : NotSpeci  
  fied: (Failed to    
 obtai... version     
check.:String) []    
, RemoteException
    + FullyQualifiedE 
   rrorId : NativeCo  
  mmandError
 
[22:04:23.157] [31mERROR[39m (10152): [36mfetch failed[39m
    err: {
      "type": "TypeError",
      "message": "fetch failed: ",
      "stack":
          TypeError: fetch failed
              at node:internal/deps/undici/undici:13178:13
              at process.processTicksAndRejections (node:internal/process/task_queues:95:5)
              at async fetchJson (file:///D:/2025/ChatAi/backend/node_modules/@qdrant/openapi-typescript-fetch/dist/esm/fetcher.js:132:22)
              at async file:///D:/2025/ChatAi/backend/node_modules/@qdrant/js-client-rest/dist/esm/api-client.js:32:24
              at async handler (file:///D:/2025/ChatAi/backend/node_modules/@qdrant/openapi-typescript-fetch/dist/esm/fetcher.js:153:16)
              at async file:///D:/2025/ChatAi/backend/node_modules/@qdrant/js-client-rest/dist/esm/api-client.js:16:24
              at async handler (file:///D:/2025/ChatAi/backend/node_modules/@qdrant/openapi-typescript-fetch/dist/esm/fetcher.js:153:16)
              at async fetchUrl (file:///D:/2025/ChatAi/backend/node_modules/@qdrant/openapi-typescript-fetch/dist/esm/fetcher.js:159:22)
              at async Object.fun [as getCollections] (file:///D:/2025/ChatAi/backend/node_modules/@qdrant/openapi-typescript-fetch/dist/esm/fetcher.js:165:20)
              at async QdrantClient.getCollections (file:///D:/2025/ChatAi/backend/node_modules/@qdrant/js-client-rest/dist/esm/qdrant-client.js:873:26)
              at async initializeCollection (D:\2025\ChatAi\backend\src\services\qdrant.service.ts:24:25)
              at async start (D:\2025\ChatAi\backend\src\index.ts:96:9)
          caused by: AggregateError [ECONNREFUSED]: 
              at internalConnectMultiple (node:net:1118:18)
              at afterConnectMultiple (node:net:1685:7)
    }
